[0m[[0m[0mdebug[0m] [0m[0m> Exec(;Test/compile; collectAnalyses, None, Some(CommandSource(network-1)))[0m
[0m[[0m[0mdebug[0m] [0m[0munmatched Processing event for requestId None: None[0m
[0m[[0m[0mdebug[0m] [0m[0munmatched Done event for requestId None: None[0m
[0m[[0m[0mdebug[0m] [0m[0m> Exec(Test/compile, None, Some(CommandSource(network-1)))[0m
[0m[[0m[0mdebug[0m] [0m[0munmatched Processing event for requestId None: None[0m
[0m[[0m[0mdebug[0m] [0m[0mEvaluating tasks: Test / compile[0m
[0m[[0m[0mdebug[0m] [0m[0mRunning task... Cancel: Signal, check cycles: false, forcegc: true[0m
[0m[[0m[0mdebug[0m] [0m[0mjsonRpcNotify: JsonRpcNotificationMessage(2.0, build/taskStart, {"taskId":{"id":"3","parents":[]},"eventTime":1649282112628,"message":"Compiling scala-peaceland","dataKind":"compile-task","data":{"target":{"uri":"file:/C:/Users/abdelhadi/Documents/projet%20docker/js/Scala-Peaceland/#scala-peaceland/Compile"}}})[0m
[0m[[0m[0minfo[0m] [0m[0mcompiling 1 Scala source to C:\Users\abdelhadi\Documents\projet docker\js\Scala-Peaceland\target\scala-2.11\classes ...[0m
[0m[[0m[0mdebug[0m] [0m[0mjsonRpcNotify: JsonRpcNotificationMessage(2.0, build/logMessage, {"type":3,"message":"compiling 1 Scala source to C:\\Users\\abdelhadi\\Documents\\projet docker\\js\\Scala-Peaceland\\target\\scala-2.11\\classes ..."})[0m
[0m[[0m[0mdebug[0m] [0m[0mjsonRpcNotify: JsonRpcNotificationMessage(2.0, build/publishDiagnostics, {"textDocument":{"uri":"file:///C:/Users/abdelhadi/Documents/projet%20docker/js/Scala-Peaceland/src/main/scala/Stats.scala"},"buildTarget":{"uri":"file:/C:/Users/abdelhadi/Documents/projet%20docker/js/Scala-Peaceland/#scala-peaceland/Compile"},"diagnostics":[],"reset":true})[0m
[0m[[0m[0mdebug[0m] [0m[0mjsonRpcNotify: JsonRpcNotificationMessage(2.0, build/publishDiagnostics, {"textDocument":{"uri":"file:///C:/Users/abdelhadi/Documents/projet%20docker/js/Scala-Peaceland/src/main/scala/Main.scala"},"buildTarget":{"uri":"file:/C:/Users/abdelhadi/Documents/projet%20docker/js/Scala-Peaceland/#scala-peaceland/Compile"},"diagnostics":[],"reset":true})[0m
[0m[[0m[0mdebug[0m] [0m[0mjsonRpcNotify: JsonRpcNotificationMessage(2.0, build/publishDiagnostics, {"textDocument":{"uri":"file:///C:/Users/abdelhadi/Documents/projet%20docker/js/Scala-Peaceland/src/main/scala/Consumer.scala"},"buildTarget":{"uri":"file:/C:/Users/abdelhadi/Documents/projet%20docker/js/Scala-Peaceland/#scala-peaceland/Compile"},"diagnostics":[],"reset":true})[0m
[0m[[0m[0mdebug[0m] [0m[0mjsonRpcNotify: JsonRpcNotificationMessage(2.0, build/publishDiagnostics, {"textDocument":{"uri":"file:///C:/Users/abdelhadi/Documents/projet%20docker/js/Scala-Peaceland/src/main/scala/ReportsGenerator.scala"},"buildTarget":{"uri":"file:/C:/Users/abdelhadi/Documents/projet%20docker/js/Scala-Peaceland/#scala-peaceland/Compile"},"diagnostics":[],"reset":true})[0m
[0m[[0m[0mdebug[0m] [0m[0mjsonRpcNotify: JsonRpcNotificationMessage(2.0, build/publishDiagnostics, {"textDocument":{"uri":"file:///C:/Users/abdelhadi/Documents/projet%20docker/js/Scala-Peaceland/src/main/scala/Producer.scala"},"buildTarget":{"uri":"file:/C:/Users/abdelhadi/Documents/projet%20docker/js/Scala-Peaceland/#scala-peaceland/Compile"},"diagnostics":[],"reset":true})[0m
[0m[[0m[0mdebug[0m] [0m[0mjsonRpcNotify: JsonRpcNotificationMessage(2.0, build/taskFinish, {"taskId":{"id":"3","parents":[]},"eventTime":1649282118594,"message":"Compiled scala-peaceland","status":1,"dataKind":"compile-report","data":{"target":{"uri":"file:/C:/Users/abdelhadi/Documents/projet%20docker/js/Scala-Peaceland/#scala-peaceland/Compile"},"errors":0,"warnings":0,"time":5966}})[0m
[0m[[0m[0mdebug[0m] [0m[0mjsonRpcNotify: JsonRpcNotificationMessage(2.0, build/taskStart, {"taskId":{"id":"4","parents":[]},"eventTime":1649282118839,"message":"Compiling scala-peaceland-test","dataKind":"compile-task","data":{"target":{"uri":"file:/C:/Users/abdelhadi/Documents/projet%20docker/js/Scala-Peaceland/#scala-peaceland/Test"}}})[0m
[0m[[0m[0mdebug[0m] [0m[0mjsonRpcNotify: JsonRpcNotificationMessage(2.0, build/taskFinish, {"taskId":{"id":"4","parents":[]},"eventTime":1649282119058,"message":"Compiled scala-peaceland-test","status":1,"dataKind":"compile-report","data":{"target":{"uri":"file:/C:/Users/abdelhadi/Documents/projet%20docker/js/Scala-Peaceland/#scala-peaceland/Test"},"errors":0,"warnings":0,"time":219}})[0m
[0m[[0m[32msuccess[0m] [0m[0mTotal time: 10 s, completed 6 avr. 2022 23:55:21[0m
[0m[[0m[0mdebug[0m] [0m[0munmatched Done event for requestId None: None[0m
[0m[[0m[0mdebug[0m] [0m[0m> Exec(collectAnalyses, None, Some(CommandSource(network-1)))[0m
[0m[[0m[0mdebug[0m] [0m[0munmatched Processing event for requestId None: None[0m
[0m[[0m[0mdebug[0m] [0m[0mEvaluating tasks: Compile / collectAnalyses[0m
[0m[[0m[0mdebug[0m] [0m[0mRunning task... Cancel: Signal, check cycles: false, forcegc: true[0m
[0m[[0m[0mdebug[0m] [0m[0manalysis location (C:\Users\abdelhadi\Documents\projet docker\js\Scala-Peaceland\target\scala-2.11\zinc\inc_compile_2.11.zip,true)[0m
[0m[[0m[32msuccess[0m] [0m[0mTotal time: 0 s, completed 6 avr. 2022 23:55:21[0m
[0m[[0m[0mdebug[0m] [0m[0munmatched Done event for requestId None: None[0m
[0m[[0m[0mdebug[0m] [0m[0m> Exec(shell, None, None)[0m
