[0m[[0m[0mdebug[0m] [0m[0m> Exec(;Test/compile; collectAnalyses, None, Some(CommandSource(network-1)))[0m
[0m[[0m[0mdebug[0m] [0m[0munmatched Processing event for requestId None: None[0m
[0m[[0m[0mdebug[0m] [0m[0munmatched Done event for requestId None: None[0m
[0m[[0m[0mdebug[0m] [0m[0m> Exec(Test/compile, None, Some(CommandSource(network-1)))[0m
[0m[[0m[0mdebug[0m] [0m[0munmatched Processing event for requestId None: None[0m
[0m[[0m[0mdebug[0m] [0m[0mEvaluating tasks: Test / compile[0m
[0m[[0m[0mdebug[0m] [0m[0mRunning task... Cancel: Signal, check cycles: false, forcegc: true[0m
[0m[[0m[0mdebug[0m] [0m[0mjsonRpcNotify: JsonRpcNotificationMessage(2.0, build/taskStart, {"taskId":{"id":"32","parents":[]},"eventTime":1649321729322,"message":"Compiling scala-peaceland","dataKind":"compile-task","data":{"target":{"uri":"file:/C:/Users/abdelhadi/Documents/projet%20docker/js/Scala-Peaceland/#scala-peaceland/Compile"}}})[0m
[0m[[0m[0minfo[0m] [0m[0mcompiling 5 Scala sources to C:\Users\abdelhadi\Documents\projet docker\js\Scala-Peaceland\target\scala-2.11\classes ...[0m
[0m[[0m[0mdebug[0m] [0m[0mjsonRpcNotify: JsonRpcNotificationMessage(2.0, build/logMessage, {"type":3,"message":"compiling 5 Scala sources to C:\\Users\\abdelhadi\\Documents\\projet docker\\js\\Scala-Peaceland\\target\\scala-2.11\\classes ..."})[0m
[0m[[0m[33mwarn[0m] [0m[0mthere was one deprecation warning; re-run with -deprecation for details[0m
[0m[[0m[0mdebug[0m] [0m[0mjsonRpcNotify: JsonRpcNotificationMessage(2.0, build/logMessage, {"type":2,"message":"there was one deprecation warning; re-run with -deprecation for details"})[0m
[0m[[0m[33mwarn[0m] [0m[0mone warning found[0m
[0m[[0m[0mdebug[0m] [0m[0mjsonRpcNotify: JsonRpcNotificationMessage(2.0, build/logMessage, {"type":2,"message":"one warning found"})[0m
[0m[[0m[0mdebug[0m] [0m[0mjsonRpcNotify: JsonRpcNotificationMessage(2.0, build/publishDiagnostics, {"textDocument":{"uri":"file:///C:/Users/abdelhadi/Documents/projet%20docker/js/Scala-Peaceland/src/main/scala/Stats.scala"},"buildTarget":{"uri":"file:/C:/Users/abdelhadi/Documents/projet%20docker/js/Scala-Peaceland/#scala-peaceland/Compile"},"diagnostics":[],"reset":true})[0m
[0m[[0m[0mdebug[0m] [0m[0mjsonRpcNotify: JsonRpcNotificationMessage(2.0, build/publishDiagnostics, {"textDocument":{"uri":"file:///C:/Users/abdelhadi/Documents/projet%20docker/js/Scala-Peaceland/src/main/scala/Main.scala"},"buildTarget":{"uri":"file:/C:/Users/abdelhadi/Documents/projet%20docker/js/Scala-Peaceland/#scala-peaceland/Compile"},"diagnostics":[],"reset":true})[0m
[0m[[0m[0mdebug[0m] [0m[0mjsonRpcNotify: JsonRpcNotificationMessage(2.0, build/publishDiagnostics, {"textDocument":{"uri":"file:///C:/Users/abdelhadi/Documents/projet%20docker/js/Scala-Peaceland/src/main/scala/Consumer.scala"},"buildTarget":{"uri":"file:/C:/Users/abdelhadi/Documents/projet%20docker/js/Scala-Peaceland/#scala-peaceland/Compile"},"diagnostics":[],"reset":true})[0m
[0m[[0m[0mdebug[0m] [0m[0mjsonRpcNotify: JsonRpcNotificationMessage(2.0, build/publishDiagnostics, {"textDocument":{"uri":"file:///C:/Users/abdelhadi/Documents/projet%20docker/js/Scala-Peaceland/src/main/scala/ReportsGenerator.scala"},"buildTarget":{"uri":"file:/C:/Users/abdelhadi/Documents/projet%20docker/js/Scala-Peaceland/#scala-peaceland/Compile"},"diagnostics":[],"reset":true})[0m
[0m[[0m[0mdebug[0m] [0m[0mjsonRpcNotify: JsonRpcNotificationMessage(2.0, build/publishDiagnostics, {"textDocument":{"uri":"file:///C:/Users/abdelhadi/Documents/projet%20docker/js/Scala-Peaceland/src/main/scala/Producer.scala"},"buildTarget":{"uri":"file:/C:/Users/abdelhadi/Documents/projet%20docker/js/Scala-Peaceland/#scala-peaceland/Compile"},"diagnostics":[],"reset":true})[0m
[0m[[0m[0mdebug[0m] [0m[0mjsonRpcNotify: JsonRpcNotificationMessage(2.0, build/taskFinish, {"taskId":{"id":"32","parents":[]},"eventTime":1649321736320,"message":"Compiled scala-peaceland","status":1,"dataKind":"compile-report","data":{"target":{"uri":"file:/C:/Users/abdelhadi/Documents/projet%20docker/js/Scala-Peaceland/#scala-peaceland/Compile"},"errors":0,"warnings":0,"time":6998}})[0m
[0m[[0m[0mdebug[0m] [0m[0mjsonRpcNotify: JsonRpcNotificationMessage(2.0, build/taskStart, {"taskId":{"id":"33","parents":[]},"eventTime":1649321736508,"message":"Compiling scala-peaceland-test","dataKind":"compile-task","data":{"target":{"uri":"file:/C:/Users/abdelhadi/Documents/projet%20docker/js/Scala-Peaceland/#scala-peaceland/Test"}}})[0m
[0m[[0m[0mdebug[0m] [0m[0mjsonRpcNotify: JsonRpcNotificationMessage(2.0, build/taskFinish, {"taskId":{"id":"33","parents":[]},"eventTime":1649321736653,"message":"Compiled scala-peaceland-test","status":1,"dataKind":"compile-report","data":{"target":{"uri":"file:/C:/Users/abdelhadi/Documents/projet%20docker/js/Scala-Peaceland/#scala-peaceland/Test"},"errors":0,"warnings":0,"time":145}})[0m
[0m[[0m[0mdebug[0m] [0m[0mForcing garbage collection...[0m
[0m[[0m[33mwarn[0m] [0m[0mIn the last 25 seconds, 8.06 (33,3%) were spent in GC. [Heap: 0,85GB free of 0,91GB, max 0,91GB] Consider increasing the JVM heap using `-Xmx` or try a different collector, e.g. `-XX:+UseG1GC`, for better performance.[0m
[0m[[0m[32msuccess[0m] [0m[0mTotal time: 25 s, completed 7 avr. 2022 10:55:46[0m
[0m[[0m[0mdebug[0m] [0m[0munmatched Done event for requestId None: None[0m
[0m[[0m[0mdebug[0m] [0m[0m> Exec(collectAnalyses, None, Some(CommandSource(network-1)))[0m
[0m[[0m[0mdebug[0m] [0m[0munmatched Processing event for requestId None: None[0m
[0m[[0m[0mdebug[0m] [0m[0mEvaluating tasks: Compile / collectAnalyses[0m
[0m[[0m[0mdebug[0m] [0m[0mRunning task... Cancel: Signal, check cycles: false, forcegc: true[0m
[0m[[0m[0mdebug[0m] [0m[0manalysis location (C:\Users\abdelhadi\Documents\projet docker\js\Scala-Peaceland\target\scala-2.11\zinc\inc_compile_2.11.zip,true)[0m
[0m[[0m[32msuccess[0m] [0m[0mTotal time: 2 s, completed 7 avr. 2022 10:55:48[0m
[0m[[0m[0mdebug[0m] [0m[0munmatched Done event for requestId None: None[0m
[0m[[0m[0mdebug[0m] [0m[0m> Exec(shell, None, None)[0m
